<?xml version="1.0" encoding="UTF-8"?>
<!-- Generated by org.testng.reporters.JUnitReportReporter -->
<testsuite hostname="Zach" failures="0" tests="1" name="GoogleTest" time="6.398" errors="0" timestamp="2020-01-23T19:45:09 EST" skipped="0">
  <testcase classname="GoogleTest" name="verifyGoogleSearchLogo" time="6.398"/>
  <system-out/>
</testsuite> <!-- GoogleTest -->
